<?xml version="1.0" encoding="UTF-8"?>
<testsuite name="org.agd.abcnews.dao.DBHandlerTest" time="1.017" tests="3" errors="0" skipped="0" failures="2">
  <properties>
    <property name="java.runtime.name" value="Java(TM) SE Runtime Environment"/>
    <property name="sun.boot.library.path" value="/Library/Java/JavaVirtualMachines/jdk1.8.0_31.jdk/Contents/Home/jre/lib"/>
    <property name="java.vm.version" value="25.31-b07"/>
    <property name="gopherProxySet" value="false"/>
    <property name="java.vm.vendor" value="Oracle Corporation"/>
    <property name="maven.multiModuleProjectDirectory" value="/Users/andy/IdeaProjects/abcNews"/>
    <property name="java.vendor.url" value="http://java.oracle.com/"/>
    <property name="path.separator" value=":"/>
    <property name="guice.disable.misplaced.annotation.check" value="true"/>
    <property name="java.vm.name" value="Java HotSpot(TM) 64-Bit Server VM"/>
    <property name="file.encoding.pkg" value="sun.io"/>
    <property name="user.country" value="GB"/>
    <property name="sun.java.launcher" value="SUN_STANDARD"/>
    <property name="sun.os.patch.level" value="unknown"/>
    <property name="java.vm.specification.name" value="Java Virtual Machine Specification"/>
    <property name="user.dir" value="/Users/andy/IdeaProjects/abcNews"/>
    <property name="java.runtime.version" value="1.8.0_31-b13"/>
    <property name="java.awt.graphicsenv" value="sun.awt.CGraphicsEnvironment"/>
    <property name="java.endorsed.dirs" value="/Library/Java/JavaVirtualMachines/jdk1.8.0_31.jdk/Contents/Home/jre/lib/endorsed"/>
    <property name="os.arch" value="x86_64"/>
    <property name="java.io.tmpdir" value="/var/folders/hw/567y3pnd70n02529lhw929800000gq/T/"/>
    <property name="line.separator" value="&#10;"/>
    <property name="java.vm.specification.vendor" value="Oracle Corporation"/>
    <property name="os.name" value="Mac OS X"/>
    <property name="classworlds.conf" value="/usr/local/Cellar/maven/3.3.9/libexec/bin/m2.conf"/>
    <property name="sun.jnu.encoding" value="UTF-8"/>
    <property name="java.library.path" value="/Users/andy/Library/Java/Extensions:/Library/Java/Extensions:/Network/Library/Java/Extensions:/System/Library/Java/Extensions:/usr/lib/java:."/>
    <property name="java.specification.name" value="Java Platform API Specification"/>
    <property name="java.class.version" value="52.0"/>
    <property name="sun.management.compiler" value="HotSpot 64-Bit Tiered Compilers"/>
    <property name="os.version" value="10.13.4"/>
    <property name="http.nonProxyHosts" value="local|*.local|169.254/16|*.169.254/16"/>
    <property name="user.home" value="/Users/andy"/>
    <property name="user.timezone" value="Europe/London"/>
    <property name="java.awt.printerjob" value="sun.lwawt.macosx.CPrinterJob"/>
    <property name="java.specification.version" value="1.8"/>
    <property name="file.encoding" value="UTF-8"/>
    <property name="user.name" value="andy"/>
    <property name="java.class.path" value="/usr/local/Cellar/maven/3.3.9/libexec/boot/plexus-classworlds-2.5.2.jar"/>
    <property name="java.vm.specification.version" value="1.8"/>
    <property name="sun.arch.data.model" value="64"/>
    <property name="java.home" value="/Library/Java/JavaVirtualMachines/jdk1.8.0_31.jdk/Contents/Home/jre"/>
    <property name="sun.java.command" value="org.codehaus.plexus.classworlds.launcher.Launcher clean package"/>
    <property name="java.specification.vendor" value="Oracle Corporation"/>
    <property name="user.language" value="en"/>
    <property name="awt.toolkit" value="sun.lwawt.macosx.LWCToolkit"/>
    <property name="java.vm.info" value="mixed mode"/>
    <property name="java.version" value="1.8.0_31"/>
    <property name="java.ext.dirs" value="/Users/andy/Library/Java/Extensions:/Library/Java/JavaVirtualMachines/jdk1.8.0_31.jdk/Contents/Home/jre/lib/ext:/Library/Java/Extensions:/Network/Library/Java/Extensions:/System/Library/Java/Extensions:/usr/lib/java"/>
    <property name="sun.boot.class.path" value="/Library/Java/JavaVirtualMachines/jdk1.8.0_31.jdk/Contents/Home/jre/lib/resources.jar:/Library/Java/JavaVirtualMachines/jdk1.8.0_31.jdk/Contents/Home/jre/lib/rt.jar:/Library/Java/JavaVirtualMachines/jdk1.8.0_31.jdk/Contents/Home/jre/lib/sunrsasign.jar:/Library/Java/JavaVirtualMachines/jdk1.8.0_31.jdk/Contents/Home/jre/lib/jsse.jar:/Library/Java/JavaVirtualMachines/jdk1.8.0_31.jdk/Contents/Home/jre/lib/jce.jar:/Library/Java/JavaVirtualMachines/jdk1.8.0_31.jdk/Contents/Home/jre/lib/charsets.jar:/Library/Java/JavaVirtualMachines/jdk1.8.0_31.jdk/Contents/Home/jre/lib/jfr.jar:/Library/Java/JavaVirtualMachines/jdk1.8.0_31.jdk/Contents/Home/jre/classes"/>
    <property name="java.vendor" value="Oracle Corporation"/>
    <property name="maven.home" value="/usr/local/Cellar/maven/3.3.9/libexec"/>
    <property name="file.separator" value="/"/>
    <property name="java.vendor.url.bug" value="http://bugreport.sun.com/bugreport/"/>
    <property name="sun.cpu.endian" value="little"/>
    <property name="sun.io.unicode.encoding" value="UnicodeBig"/>
    <property name="socksNonProxyHosts" value="local|*.local|169.254/16|*.169.254/16"/>
    <property name="ftp.nonProxyHosts" value="local|*.local|169.254/16|*.169.254/16"/>
    <property name="sun.cpu.isalist" value=""/>
  </properties>
  <testcase name="listArticles" classname="org.agd.abcnews.dao.DBHandlerTest" time="0.72">
    <failure message="expected:&lt;2&gt; but was:&lt;3&gt;" type="java.lang.AssertionError"><![CDATA[java.lang.AssertionError: expected:<2> but was:<3>
	at org.junit.Assert.fail(Assert.java:88)
	at org.junit.Assert.failNotEquals(Assert.java:834)
	at org.junit.Assert.assertEquals(Assert.java:645)
	at org.junit.Assert.assertEquals(Assert.java:631)
	at org.agd.abcnews.dao.DBHandlerTest.listArticles(DBHandlerTest.java:30)
]]></failure>
    <system-out><![CDATA[11:07:34.230 [main] INFO org.mongodb.driver.cluster - Cluster created with settings {hosts=[51.145.133.0:27017], mode=SINGLE, requiredClusterType=UNKNOWN, serverSelectionTimeout='30000 ms', maxWaitQueueSize=500}
11:07:34.329 [main] DEBUG org.mongodb.driver.cluster - Updating cluster description to  {type=UNKNOWN, servers=[{address=51.145.133.0:27017, type=UNKNOWN, state=CONNECTING}]
11:07:34.351 [main] INFO org.mongodb.driver.cluster - No server chosen by ReadPreferenceServerSelector{readPreference=primary} from cluster description ClusterDescription{type=UNKNOWN, connectionMode=SINGLE, serverDescriptions=[ServerDescription{address=51.145.133.0:27017, type=UNKNOWN, state=CONNECTING}]}. Waiting for 30000 ms before timing out
11:07:34.477 [cluster-ClusterId{value='5b1cf866d7ff4133eede8292', description='null'}-51.145.133.0:27017] INFO org.mongodb.driver.connection - Opened connection [connectionId{localValue:1, serverValue:11255}] to 51.145.133.0:27017
11:07:34.478 [cluster-ClusterId{value='5b1cf866d7ff4133eede8292', description='null'}-51.145.133.0:27017] DEBUG org.mongodb.driver.cluster - Checking status of 51.145.133.0:27017
11:07:34.503 [cluster-ClusterId{value='5b1cf866d7ff4133eede8292', description='null'}-51.145.133.0:27017] INFO org.mongodb.driver.cluster - Monitor thread successfully connected to server with description ServerDescription{address=51.145.133.0:27017, type=STANDALONE, state=CONNECTED, ok=true, version=ServerVersion{versionList=[3, 4, 4]}, minWireVersion=0, maxWireVersion=5, maxDocumentSize=16777216, roundTripTimeNanos=23846503}
11:07:34.505 [cluster-ClusterId{value='5b1cf866d7ff4133eede8292', description='null'}-51.145.133.0:27017] DEBUG org.mongodb.driver.cluster - Updating cluster description to  {type=STANDALONE, servers=[{address=51.145.133.0:27017, type=STANDALONE, roundTripTime=23.8 ms, state=CONNECTED}]
11:07:34.632 [main] INFO org.mongodb.driver.connection - Opened connection [connectionId{localValue:2, serverValue:11256}] to 51.145.133.0:27017
11:07:34.644 [main] DEBUG org.mongodb.driver.protocol.command - Sending command {find : BsonString{value='articles'}} to database abcnews on connection [connectionId{localValue:2, serverValue:11256}] to server 51.145.133.0:27017
11:07:34.672 [main] DEBUG org.mongodb.driver.protocol.command - Command execution completed
]]></system-out>
  </testcase>
  <testcase name="getUser" classname="org.agd.abcnews.dao.DBHandlerTest" time="0.001">
    <failure message="Not yet implemented." type="java.lang.AssertionError">java.lang.AssertionError: Not yet implemented.
	at org.junit.Assert.fail(Assert.java:88)
	at org.agd.abcnews.dao.DBHandlerTest.getUser(DBHandlerTest.java:48)
</failure>
    <system-out><![CDATA[11:07:34.739 [main] INFO org.mongodb.driver.cluster - Cluster created with settings {hosts=[51.145.133.0:27017], mode=SINGLE, requiredClusterType=UNKNOWN, serverSelectionTimeout='30000 ms', maxWaitQueueSize=500}
11:07:34.741 [main] DEBUG org.mongodb.driver.cluster - Updating cluster description to  {type=UNKNOWN, servers=[{address=51.145.133.0:27017, type=UNKNOWN, state=CONNECTING}]
]]></system-out>
  </testcase>
  <testcase name="getArticle" classname="org.agd.abcnews.dao.DBHandlerTest" time="0.296"/>
</testsuite>